<?xml version="1.0" encoding="UTF-8"?>
<!-- Generated by org.testng.reporters.JUnitReportReporter -->
<testsuite skipped="0" hostname="EPBYMINW3264" name="tests.VerifyProductAdditionToComparasionList" tests="1" failures="0" timestamp="14 May 2020 14:45:27 GMT" time="15.387" errors="0">
  <testcase name="testProductAdditionToTheList" time="15.387" classname="tests.VerifyProductAdditionToComparasionList"/>
</testsuite> <!-- tests.VerifyProductAdditionToComparasionList -->
