<?xml version="1.0" encoding="UTF-8"?>
<!-- Generated by org.testng.reporters.JUnitReportReporter -->
<testsuite skipped="0" hostname="EPBYMINW3264" name="tests.VerifyHeaderButtonsAreClickable" tests="9" failures="0" timestamp="14 May 2020 14:45:27 GMT" time="46.920" errors="0">
  <testcase name="testPaymentPageIsDisplayed" time="3.237" classname="tests.VerifyHeaderButtonsAreClickable"/>
  <testcase name="testBookmarksPageIsDisplayed" time="6.358" classname="tests.VerifyHeaderButtonsAreClickable"/>
  <testcase name="testDeliveryPageIsDisplayed" time="3.347" classname="tests.VerifyHeaderButtonsAreClickable"/>
  <testcase name="testBasketPageIsDisplayed" time="9.085" classname="tests.VerifyHeaderButtonsAreClickable"/>
  <testcase name="testLoginWindowIsDisplayed" time="5.466" classname="tests.VerifyHeaderButtonsAreClickable"/>
  <testcase name="testWarrantyPageIsDisplayed" time="5.851" classname="tests.VerifyHeaderButtonsAreClickable"/>
  <testcase name="testDiscountSystemPageIsDisplayed" time="4.229" classname="tests.VerifyHeaderButtonsAreClickable"/>
  <testcase name="testWishListPageIsDisplayed" time="4.065" classname="tests.VerifyHeaderButtonsAreClickable"/>
  <testcase name="testComparasionListPageIsDisplayed" time="5.282" classname="tests.VerifyHeaderButtonsAreClickable"/>
</testsuite> <!-- tests.VerifyHeaderButtonsAreClickable -->
